   Compiling unicode-ident v1.0.12
   Compiling cfg-if v1.0.0
   Compiling once_cell v1.19.0
   Compiling zerocopy v0.7.34
   Compiling allocator-api2 v0.2.18
   Compiling libc v0.2.155
   Compiling ahash v0.8.11
   Compiling typenum v1.17.0
   Compiling equivalent v1.0.1
   Compiling memchr v2.7.2
   Compiling proc-macro2 v1.0.83
   Compiling ppv-lite86 v0.2.17
   Compiling libm v0.2.8
   Compiling byteorder v1.5.0
   Compiling itoa v1.0.11
   Compiling winnow v0.5.40
   Compiling hex v0.4.3
   Compiling hashbrown v0.14.5
   Compiling scopeguard v1.2.0
   Compiling lock_api v0.4.12
   Compiling quote v1.0.36
   Compiling getrandom v0.2.15
   Compiling jobserver v0.1.31
   Compiling cpufeatures v0.2.12
   Compiling syn v2.0.65
   Compiling rand_core v0.6.4
   Compiling syn v1.0.109
   Compiling rand_chacha v0.3.1
   Compiling cc v1.0.98
   Compiling num-traits v0.2.19
   Compiling rand v0.8.5
   Compiling subtle v2.5.0
   Compiling anyhow v1.0.86
   Compiling const-oid v0.9.6
   Compiling spin v0.5.2
   Compiling ryu v1.0.18
   Compiling lazy_static v1.4.0
   Compiling ahash v0.7.8
   Compiling pin-project-lite v0.2.14
   Compiling static_assertions v1.1.0
   Compiling bitflags v2.5.0
   Compiling byte-slice-cast v1.2.2
   Compiling crunchy v0.2.2
   Compiling hashbrown v0.12.3
   Compiling rustc-hex v2.1.0
   Compiling fnv v1.0.7
   Compiling smallvec v1.13.2
   Compiling arbitrary v1.3.2
   Compiling regex-syntax v0.8.3
   Compiling aho-corasick v1.1.3
   Compiling num_cpus v1.16.0
   Compiling signal-hook-registry v1.4.2
   Compiling rustix v0.38.34
   Compiling errno v0.3.9
   Compiling uint v0.9.5
   Compiling tap v1.0.1
   Compiling adler v1.0.2
   Compiling fastrand v2.1.0
   Compiling miniz_oxide v0.7.3
   Compiling parking_lot_core v0.9.10
   Compiling opaque-debug v0.3.1
   Compiling tracing-core v0.1.32
   Compiling futures-sink v0.3.30
   Compiling socket2 v0.5.7
   Compiling regex-automata v0.4.6
   Compiling block-padding v0.2.1
   Compiling tempfile v3.10.1
   Compiling backtrace v0.3.71
   Compiling gimli v0.28.1
   Compiling radium v0.6.2
   Compiling object v0.32.2
   Compiling funty v1.1.0
   Compiling rustc-demangle v0.1.24
   Compiling wyz v0.2.0
   Compiling num-complex v0.4.6
   Compiling bitvec v0.20.4
   Compiling regex v1.10.4
   Compiling parking_lot v0.12.2
   Compiling addr2line v0.21.0
   Compiling percent-encoding v2.3.1
   Compiling serde_derive v1.0.202
   Compiling zeroize_derive v1.4.2
   Compiling thiserror-impl v1.0.61
   Compiling impl-trait-for-tuples v0.2.2
   Compiling tokio-macros v2.2.0
   Compiling zeroize v1.7.0
   Compiling tracing-attributes v0.1.27
   Compiling futures-macro v0.3.30
   Compiling thiserror v1.0.61
   Compiling slab v0.4.9
   Compiling pin-utils v0.1.0
   Compiling fixed-hash v0.7.0
   Compiling ref-cast-impl v1.0.23
   Compiling ethnum v1.5.0
   Compiling keccak v0.1.5
   Compiling ref-cast v1.0.23
   Compiling bitflags v1.3.2
   Compiling tinyvec_macros v0.1.1
   Compiling strsim v0.11.1
   Compiling tinyvec v1.6.0
   Compiling core-foundation-sys v0.8.6
   Compiling unicode-bidi v0.3.15
   Compiling futures-core v0.3.30
   Compiling variant_count v1.1.0
   Compiling form_urlencoded v1.2.1
   Compiling base64ct v1.6.0
   Compiling base64 v0.21.7
   Compiling same-file v1.0.6
   Compiling walkdir v2.5.0
   Compiling futures-channel v0.3.30
   Compiling num-integer v0.1.46
   Compiling serde v1.0.202
   Compiling fixedbitset v0.2.0
   Compiling either v1.12.0
   Compiling futures-task v0.3.30
   Compiling num-bigint v0.4.5
   Compiling futures-io v0.3.30
   Compiling proc-macro-error-attr v1.0.4
   Compiling stable_deref_trait v1.2.0
   Compiling unicode-width v0.1.12
   Compiling futures-util v0.3.30
   Compiling httparse v1.8.0
   Compiling tower-service v0.3.2
   Compiling pem-rfc7468 v0.7.0
   Compiling dirs-sys-next v0.1.2
   Compiling try-lock v0.2.5
   Compiling der v0.7.9
   Compiling want v0.3.1
   Compiling proc-macro-error v1.0.4
   Compiling dirs-next v2.0.0
   Compiling getrandom v0.1.16
   Compiling difference v2.0.0
   Compiling rand_core v0.5.1
   Compiling termcolor v1.1.3
   Compiling rand_chacha v0.2.2
   Compiling Inflector v0.11.4
   Compiling spki v0.7.3
   Compiling rand v0.7.3
   Compiling typed-arena v2.0.2
   Compiling utf8parse v0.2.1
   Compiling crossbeam-utils v0.8.20
   Compiling anstyle-parse v0.2.4
   Compiling async-trait v0.1.80
   Compiling is_terminal_polyfill v1.70.0
   Compiling anstyle-query v1.0.3
   Compiling move-borrow-graph v0.0.1 (https://github.com/rooch-network/move?rev=c8c5dbd860bcc48f3d3fc1bb0a6446f2ddc57b27#c8c5dbd8)
   Compiling anstyle v1.0.7
   Compiling colorchoice v1.0.1
   Compiling httpdate v1.0.3
   Compiling derive_more v0.99.17
   Compiling anstream v0.6.14
   Compiling num-iter v0.1.45
   Compiling unicode-normalization v0.1.22
   Compiling clap_lex v0.7.0
   Compiling clap_builder v4.5.2
   Compiling clap_derive v4.5.4
   Compiling ring v0.17.8
   Compiling base16ct v0.2.0
   Compiling generic-array v0.14.7
   Compiling indexmap v2.2.6
   Compiling log v0.4.21
   Compiling bytes v1.6.0
   Compiling toml_datetime v0.6.6
   Compiling crypto-common v0.1.6
   Compiling serde_spanned v0.6.6
   Compiling block-buffer v0.10.4
   Compiling indexmap v1.9.3
   Compiling mio v0.8.11
   Compiling toml_edit v0.19.15
   Compiling digest v0.10.7
   Compiling digest v0.9.0
   Compiling block-buffer v0.9.0
   Compiling bcs v0.1.6
   Compiling sha2 v0.10.8
   Compiling impl-serde v0.3.2
   Compiling serde_json v1.0.117
   Compiling arrayvec v0.7.4
   Compiling sha2 v0.9.9
   Compiling tokio v1.37.0
   Compiling hmac v0.12.1
   Compiling petgraph v0.5.1
   Compiling tracing v0.1.40
   Compiling proc-macro-crate v1.3.1
   Compiling block-padding v0.3.3
   Compiling http v0.2.12
   Compiling inout v0.1.3
   Compiling sha3 v0.9.1
   Compiling move-symbol-pool v0.1.0 (https://github.com/rooch-network/move?rev=c8c5dbd860bcc48f3d3fc1bb0a6446f2ddc57b27#c8c5dbd8)
   Compiling toml_edit v0.21.1
   Compiling fail v0.4.0
   Compiling signature v2.2.0
   Compiling clap v4.5.4
   Compiling http-body v0.4.6
   Compiling codespan-reporting v0.11.1
   Compiling serde_bytes v0.11.14
   Compiling idna v0.5.0
   Compiling bumpalo v3.16.0
   Compiling proc-macro-crate v3.1.0
   Compiling url v2.5.0
   Compiling ouroboros_macro v0.9.5
   Compiling ff v0.13.0
   Compiling untrusted v0.9.0
   Compiling spin v0.9.8
   Compiling group v0.13.0
   Compiling cipher v0.4.4
   Compiling crypto-bigint v0.5.5
   Compiling parity-scale-codec-derive v2.3.1
   Compiling crossbeam-epoch v0.9.18
   Compiling core-foundation v0.9.4
   Compiling tokio-util v0.7.11
   Compiling crossbeam-deque v0.8.5
   Compiling parity-scale-codec-derive v3.6.12
   Compiling ouroboros v0.9.5
   Compiling tiny-keccak v2.0.2
   Compiling num-rational v0.4.2
   Compiling security-framework-sys v2.11.0
   Compiling iana-time-zone v0.1.60
   Compiling parity-scale-codec v2.3.1
   Compiling chrono v0.4.38
   Compiling security-framework v2.11.0
   Compiling num v0.4.3
   Compiling rlp-derive v0.1.0
   Compiling dyn-clone v1.0.17
   Compiling semver v1.0.23
   Compiling rlp v0.5.2
   Compiling scale-info-derive v2.11.3
   Compiling codespan v0.11.1
   Compiling colored v2.1.0
   Compiling impl-codec v0.5.1
   Compiling primitive-types v0.10.1
   Compiling rfc6979 v0.4.0
   Compiling siphasher v0.3.11
   Compiling impl-rlp v0.3.0
   Compiling impl-serde v0.4.0
   Compiling darling_core v0.20.9
   Compiling serde_derive_internals v0.29.1
   Compiling sha3 v0.10.8
   Compiling unicode-segmentation v1.11.0
   Compiling rustls-pemfile v1.0.4
   Compiling move-core-types v0.0.4 (https://github.com/rooch-network/move?rev=c8c5dbd860bcc48f3d3fc1bb0a6446f2ddc57b27#c8c5dbd8)
   Compiling derivative v2.2.0
   Compiling strsim v0.10.0
   Compiling schemars_derive v0.8.20
   Compiling h2 v0.3.26
   Compiling aes v0.8.4
   Compiling salsa20 v0.10.2
   Compiling mime v0.3.17
   Compiling move-binary-format v0.0.3 (https://github.com/rooch-network/move?rev=c8c5dbd860bcc48f3d3fc1bb0a6446f2ddc57b27#c8c5dbd8)
   Compiling trace v0.1.7
   Compiling darling_macro v0.20.9
   Compiling rustls v0.21.12
   Compiling rustls-webpki v0.101.7
   Compiling darling v0.20.9
   Compiling sct v0.7.1
   Compiling cbc v0.1.2
   Compiling pbkdf2 v0.12.2
   Compiling instant v0.1.13
   Compiling winnow v0.6.8
   Compiling darling_core v0.14.4
   Compiling scrypt v0.11.0
   Compiling bstr v1.9.1
   Compiling pkcs5 v0.7.1
   Compiling globset v0.4.14
   Compiling rayon-core v1.12.1
   Compiling serde_urlencoded v0.7.1
   Compiling itertools v0.10.5
   Compiling toml_edit v0.22.13
   Compiling sync_wrapper v0.1.2
   Compiling arrayvec v0.5.2
   Compiling tokio-rustls v0.24.1
   Compiling pkcs8 v0.10.2
   Compiling phf_shared v0.11.2
   Compiling indenter v0.3.3
   Compiling darling_macro v0.14.4
   Compiling hyper v0.14.28
   Compiling eyre v0.6.12
   Compiling futures-executor v0.3.30
   Compiling darling v0.14.4
   Compiling serde-reflection v0.3.6
   Compiling toml v0.8.13
   Compiling crc32fast v1.4.2
   Compiling flate2 v1.0.30
   Compiling futures v0.3.30
   Compiling native-tls v0.2.11
   Compiling phf_generator v0.11.2
   Compiling pin-project-internal v1.1.5
   Compiling webpki-roots v0.25.4
   Compiling unsafe-libyaml v0.2.11
   Compiling phf_codegen v0.11.2
   Compiling derive_builder_core v0.12.0
   Compiling phf v0.11.2
   Compiling pem-rfc7468 v0.6.0
   Compiling serde_yaml v0.9.34+deprecated
   Compiling parse-zoneinfo v0.3.1
   Compiling atty v0.2.14
   Compiling ipnet v2.9.0
   Compiling derive_builder_macro v0.12.0
   Compiling chrono-tz-build v0.2.1
   Compiling pin-project v1.1.5
   Compiling der v0.6.1
   Compiling toml v0.7.8
   Compiling toml v0.5.11
   Compiling dashmap v5.5.3
   Compiling ark-serialize-derive v0.4.2
   Compiling ark-std v0.4.0
   Compiling fxhash v0.2.1
   Compiling half v1.8.3
   Compiling ucd-trie v0.1.6
   Compiling serde_cbor v0.11.2
   Compiling pest v2.7.10
   Compiling chrono-tz v0.8.6
   Compiling derive_builder v0.12.0
   Compiling system-configuration-sys v0.5.0
   Compiling target-lexicon v0.12.14
   Compiling sec1 v0.7.3
   Compiling move-command-line-common v0.1.0 (https://github.com/rooch-network/move?rev=c8c5dbd860bcc48f3d3fc1bb0a6446f2ddc57b27#c8c5dbd8)
   Compiling rustls-native-certs v0.6.3
   Compiling heck v0.3.3
   Compiling ripemd v0.1.3
   Compiling bytesize v1.3.0
   Compiling ptr_meta_derive v0.1.4
   Compiling better_typeid_derive v0.1.1
   Compiling auto_impl v1.2.0
   Compiling const-hex v1.11.4
   Compiling unic-common v0.9.0
   Compiling fixedbitset v0.4.2
   Compiling unic-char-range v0.9.0
   Compiling unic-ucd-version v0.9.0
   Compiling ptr_meta v0.1.4
   Compiling unic-char-property v0.9.0
   Compiling petgraph v0.6.5
   Compiling pest_meta v2.7.10
   Compiling move-ir-types v0.1.0 (https://github.com/rooch-network/move?rev=c8c5dbd860bcc48f3d3fc1bb0a6446f2ddc57b27#c8c5dbd8)
   Compiling elliptic-curve v0.13.8
   Compiling better_any v0.1.1
   Compiling system-configuration v0.5.1
   Compiling wasm-bindgen-backend v0.2.92
   Compiling ark-ff-macros v0.4.2
   Compiling ark-ff-asm v0.4.2
   Compiling bytecheck_derive v0.6.12
   Compiling xattr v1.3.1
   Compiling blst v0.3.11
   Compiling threadpool v1.8.1
   Compiling filetime v0.2.23
   Compiling memmap2 v0.6.2
   Compiling bitmaps v2.1.0
   Compiling encoding_rs v0.8.34
   Compiling simdutf8 v0.1.4
   Compiling shared-buffer v0.1.4
   Compiling bytecheck v0.6.12
   Compiling tar v0.4.41
   Compiling wasm-bindgen-macro-support v0.2.92
   Compiling sized-chunks v0.6.5
   Compiling pest_generator v2.7.10
   Compiling unic-ucd-segment v0.9.0
   Compiling ignore v0.4.22
   Compiling move-bytecode-verifier v0.1.0 (https://github.com/rooch-network/move?rev=c8c5dbd860bcc48f3d3fc1bb0a6446f2ddc57b27#c8c5dbd8)
   Compiling parity-scale-codec v3.6.12
   Compiling rand_xoshiro v0.6.0
   Compiling mach2 v0.4.2
   Compiling deunicode v1.6.0
   Compiling base64 v0.13.1
   Compiling slug v0.1.5
   Compiling globwalk v0.8.1
   Compiling im v15.1.0
   Compiling pest_derive v2.7.10
   Compiling wasm-bindgen-macro v0.2.92
   Compiling unic-segment v0.9.0
   Compiling rend v0.4.2
   Compiling move-bytecode-source-map v0.1.0 (https://github.com/rooch-network/move?rev=c8c5dbd860bcc48f3d3fc1bb0a6446f2ddc57b27#c8c5dbd8)
   Compiling ecdsa v0.16.9
   Compiling enumset_derive v0.8.1
   Compiling universal-hash v0.5.1
   Compiling rkyv_derive v0.7.44
   Compiling enum-iterator-derive v0.7.0
   Compiling secp256k1-sys v0.8.1
   Compiling humansize v2.1.3
   Compiling dirs-sys v0.3.7
   Compiling seahash v4.1.0
   Compiling linked-hash-map v0.5.6
   Compiling subtle-ng v2.5.0
   Compiling yaml-rust v0.4.5
   Compiling curve25519-dalek-ng v4.1.1
   Compiling enum-iterator v0.7.0
   Compiling enumset v1.1.3
   Compiling wasm-bindgen v0.2.92
   Compiling impl-codec v0.6.0
   Compiling rkyv v0.7.44
   Compiling scale-info v2.11.3
   Compiling lexical-core v0.7.6
   Compiling move-ir-to-bytecode-syntax v0.1.0 (https://github.com/rooch-network/move?rev=c8c5dbd860bcc48f3d3fc1bb0a6446f2ddc57b27#c8c5dbd8)
   Compiling num-derive v0.3.3
   Compiling fixed-hash v0.8.0
   Compiling num-traits v0.1.43
   Compiling arrayref v0.3.7
   Compiling serde v0.8.23
   Compiling more-asserts v0.2.2
   Compiling js-sys v0.3.69
   Compiling move-ir-to-bytecode v0.1.0 (https://github.com/rooch-network/move?rev=c8c5dbd860bcc48f3d3fc1bb0a6446f2ddc57b27#c8c5dbd8)
   Compiling nom v5.1.3
   Compiling serde-hjson v0.9.1
   Compiling spki v0.6.0
   Compiling pretty v0.10.0
   Compiling hkdf v0.12.4
   Compiling leb128 v0.2.5
   Compiling cranelift-codegen-shared v0.91.1
   Compiling rust-ini v0.13.0
   Compiling cranelift-entity v0.91.1
   Compiling fallible-iterator v0.2.0
   Compiling cranelift-codegen-meta v0.91.1
   Compiling gimli v0.26.2
   Compiling primitive-types v0.12.2
   Compiling pkcs8 v0.9.0
   Compiling memoffset v0.9.1
   Compiling corosensei v0.1.4
   Compiling ed25519-consensus v2.1.0
   Compiling polyval v0.6.2
   Compiling region v3.0.2
   Compiling hyper-rustls v0.24.2
   Compiling serde_with_macros v2.3.3
   Compiling aead v0.5.2
   Compiling crossbeam-queue v0.3.11
   Compiling blake3 v1.5.1
   Compiling clear_on_drop v0.2.5
   Compiling ordered-float v2.10.1
   Compiling mach v0.3.2
   Compiling slice-group-by v0.3.1
   Compiling rustc-hash v1.1.0
   Compiling lazy_static v0.2.11
   Compiling serde-value v0.7.0
   Compiling tint v1.0.1
   Compiling serde_with v2.3.3
   Compiling ghash v0.5.1
   Compiling pkcs1 v0.4.1
   Compiling unicase v2.7.0
   Compiling move-compiler v0.0.1 (https://github.com/rooch-network/move?rev=c8c5dbd860bcc48f3d3fc1bb0a6446f2ddc57b27#c8c5dbd8)
   Compiling cranelift-codegen v0.91.1
   Compiling directories v4.0.1
   Compiling move-coverage v0.1.0 (https://github.com/rooch-network/move?rev=c8c5dbd860bcc48f3d3fc1bb0a6446f2ddc57b27#c8c5dbd8)
   Compiling simplelog v0.9.0
   Compiling itertools v0.12.1
   Compiling memmap2 v0.5.10
   Compiling wait-timeout v0.2.0
   Compiling bit-vec v0.6.3
   Compiling ansi_term v0.12.1
   Compiling constant_time_eq v0.3.0
   Compiling quick-error v1.2.3
   Compiling bit-set v0.5.3
   Compiling rusty-fork v0.3.0
   Compiling mime_guess v2.0.4
   Compiling radium v0.7.0
   Compiling cranelift-bforest v0.91.1
   Compiling schemars v0.8.20
   Compiling convert_case v0.6.0
   Compiling wasmparser v0.121.2
   Compiling bs58 v0.5.1
   Compiling blake2 v0.10.6
   Compiling alloy-rlp v0.3.4
   Compiling merlin v3.0.0
   Compiling wyz v0.5.1
   Compiling rand_xorshift v0.3.0
   Compiling funty v2.0.0
   Compiling self_cell v1.0.4
   Compiling unarray v0.1.4
   Compiling bulletproofs v4.0.0
   Compiling proptest v1.4.0
   Compiling fastcrypto-derive v0.1.3 (https://github.com/rooch-network/fastcrypto?rev=aa5f9f308b6598779820db8b673050c10cfcc3c1#aa5f9f30)
error: linking with `cc` failed: exit status: 1
  |
  = note: env -u IPHONEOS_DEPLOYMENT_TARGET -u TVOS_DEPLOYMENT_TARGET LC_ALL="C" PATH="/Users/sven/.rustup/toolchains/1.77.2-aarch64-apple-darwin/lib/rustlib/aarch64-apple-darwin/bin:/Users/sven/Documents/GitHub/rooch/sdk/typescript/rooch-sdk/node_modules/.bin:/Users/sven/.nvm/versions/node/v18.20.3/lib/node_modules/pnpm/dist/node-gyp-bin:/Users/sven/Documents/GitHub/rooch/node_modules/.bin:/Users/sven/Documents/GitHub/rooch/sdk/typescript/rooch-sdk/node_modules/.bin:/Users/sven/.nvm/versions/node/v18.20.3/lib/node_modules/pnpm/dist/node-gyp-bin:/Users/sven/Documents/GitHub/rooch/node_modules/.bin:/Users/sven/Documents/GitHub/rooch/sdk/typescript/rooch-sdk/node_modules/.bin:/Users/sven/.nvm/versions/node/v18.20.3/lib/node_modules/pnpm/dist/node-gyp-bin:/Users/sven/Documents/GitHub/rooch/node_modules/.bin:/Users/sven/Library/pnpm:/Users/sven/.nvm/versions/node/v18.20.3/bin:/Users/sven/.local/bin:/opt/homebrew/opt/node@18/bin:/Users/sven/bin:/opt/homebrew/bin:/opt/homebrew/sbin:/usr/local/bin:/System/Cryptexes/App/usr/bin:/usr/bin:/bin:/usr/sbin:/sbin:/var/run/com.apple.security.cryptexd/codex.system/bootstrap/usr/local/bin:/var/run/com.apple.security.cryptexd/codex.system/bootstrap/usr/bin:/var/run/com.apple.security.cryptexd/codex.system/bootstrap/usr/appleinternal/bin:/Library/Apple/usr/bin:/Users/sven/.cargo/bin:/Users/sven/Library/Application Support/JetBrains/Toolbox/scripts" VSLANG="1033" ZERO_AR_DATE="1" "cc" "-Wl,-exported_symbols_list,/var/folders/mx/rv_rqv3n21q6xrq8qxw3y3dw0000gn/T/rustcLmnOoc/list" "-arch" "arm64" "/var/folders/mx/rv_rqv3n21q6xrq8qxw3y3dw0000gn/T/rustcLmnOoc/symbols.o" "/Users/sven/Documents/GitHub/rooch/target/debug/deps/fastcrypto_derive-5677fe60687705d8.fastcrypto_derive.eb142641d4a6426f-cgu.0.rcgu.o" "/Users/sven/Documents/GitHub/rooch/target/debug/deps/fastcrypto_derive-5677fe60687705d8.fastcrypto_derive.eb142641d4a6426f-cgu.1.rcgu.o" "/Users/sven/Documents/GitHub/rooch/target/debug/deps/fastcrypto_derive-5677fe60687705d8.3on31tcl81xsml5g.rcgu.rmeta" "/Users/sven/Documents/GitHub/rooch/target/debug/deps/fastcrypto_derive-5677fe60687705d8.2y03d8i7vpyf2ja9.rcgu.o" "-L" "/Users/sven/Documents/GitHub/rooch/target/debug/deps" "-L" "/Users/sven/.rustup/toolchains/1.77.2-aarch64-apple-darwin/lib/rustlib/aarch64-apple-darwin/lib" "/Users/sven/Documents/GitHub/rooch/target/debug/deps/libsyn-e12ca07ac9c3231a.rlib" "/Users/sven/Documents/GitHub/rooch/target/debug/deps/libquote-f05fcb77db60235f.rlib" "/Users/sven/Documents/GitHub/rooch/target/debug/deps/libproc_macro2-4cee37b6fb161c2e.rlib" "/Users/sven/Documents/GitHub/rooch/target/debug/deps/libunicode_ident-3e86d189d7395721.rlib" "/Users/sven/.rustup/toolchains/1.77.2-aarch64-apple-darwin/lib/rustlib/aarch64-apple-darwin/lib/libproc_macro-7a92c2e55583fe5d.rlib" "/Users/sven/.rustup/toolchains/1.77.2-aarch64-apple-darwin/lib/rustlib/aarch64-apple-darwin/lib/libstd-b7bbc4a3799f91ec.rlib" "/Users/sven/.rustup/toolchains/1.77.2-aarch64-apple-darwin/lib/rustlib/aarch64-apple-darwin/lib/libpanic_unwind-9a832f29e113f2ac.rlib" "/Users/sven/.rustup/toolchains/1.77.2-aarch64-apple-darwin/lib/rustlib/aarch64-apple-darwin/lib/libobject-187acb73fb221979.rlib" "/Users/sven/.rustup/toolchains/1.77.2-aarch64-apple-darwin/lib/rustlib/aarch64-apple-darwin/lib/libmemchr-f379d77720ea5d52.rlib" "/Users/sven/.rustup/toolchains/1.77.2-aarch64-apple-darwin/lib/rustlib/aarch64-apple-darwin/lib/libaddr2line-5f995b6402184362.rlib" "/Users/sven/.rustup/toolchains/1.77.2-aarch64-apple-darwin/lib/rustlib/aarch64-apple-darwin/lib/libgimli-6d4646231255d040.rlib" "/Users/sven/.rustup/toolchains/1.77.2-aarch64-apple-darwin/lib/rustlib/aarch64-apple-darwin/lib/librustc_demangle-ddf92ea3297b7931.rlib" "/Users/sven/.rustup/toolchains/1.77.2-aarch64-apple-darwin/lib/rustlib/aarch64-apple-darwin/lib/libstd_detect-4bd9fc9ff7289783.rlib" "/Users/sven/.rustup/toolchains/1.77.2-aarch64-apple-darwin/lib/rustlib/aarch64-apple-darwin/lib/libhashbrown-bbf01e0821f9af8a.rlib" "/Users/sven/.rustup/toolchains/1.77.2-aarch64-apple-darwin/lib/rustlib/aarch64-apple-darwin/lib/librustc_std_workspace_alloc-df3ad4119d36f143.rlib" "/Users/sven/.rustup/toolchains/1.77.2-aarch64-apple-darwin/lib/rustlib/aarch64-apple-darwin/lib/libminiz_oxide-3839cef552c2783c.rlib" "/Users/sven/.rustup/toolchains/1.77.2-aarch64-apple-darwin/lib/rustlib/aarch64-apple-darwin/lib/libadler-130a17e70576817a.rlib" "/Users/sven/.rustup/toolchains/1.77.2-aarch64-apple-darwin/lib/rustlib/aarch64-apple-darwin/lib/libunwind-f7bc4dcd41ebfabc.rlib" "/Users/sven/.rustup/toolchains/1.77.2-aarch64-apple-darwin/lib/rustlib/aarch64-apple-darwin/lib/libcfg_if-3b8c9f0215d4bce7.rlib" "/Users/sven/.rustup/toolchains/1.77.2-aarch64-apple-darwin/lib/rustlib/aarch64-apple-darwin/lib/liblibc-8e6430dafe1e0d1f.rlib" "/Users/sven/.rustup/toolchains/1.77.2-aarch64-apple-darwin/lib/rustlib/aarch64-apple-darwin/lib/liballoc-9d92a40a452d227c.rlib" "/Users/sven/.rustup/toolchains/1.77.2-aarch64-apple-darwin/lib/rustlib/aarch64-apple-darwin/lib/librustc_std_workspace_core-fb23eb00feddf1cb.rlib" "/Users/sven/.rustup/toolchains/1.77.2-aarch64-apple-darwin/lib/rustlib/aarch64-apple-darwin/lib/libcore-c6577f5d4f5dcd9a.rlib" "/Users/sven/.rustup/toolchains/1.77.2-aarch64-apple-darwin/lib/rustlib/aarch64-apple-darwin/lib/libcompiler_builtins-6d556b0e8bf6f23e.rlib" "-lSystem" "-lc" "-lm" "-L" "/Users/sven/.rustup/toolchains/1.77.2-aarch64-apple-darwin/lib/rustlib/aarch64-apple-darwin/lib" "-o" "/Users/sven/Documents/GitHub/rooch/target/debug/deps/libfastcrypto_derive-5677fe60687705d8.dylib" "-Wl,-dead_strip" "-dynamiclib" "-Wl,-dylib" "-nodefaultlibs"
  = note: clang: error: unable to execute command: Interrupt: 2
          clang: error: linker command failed due to signal (use -v to see invocation)
          

error: could not compile `fastcrypto-derive` (lib) due to 1 previous error
warning: build failed, waiting for other jobs to finish...
